<< CAP LS
<< PASS abc
<< NICK a
<< USER b b localhost :a
>> :irc.example.com 001 a :Welcome to the IRC Network BRO
<< MODE a +i
<< PING irc.example.com
>> PONG irc.example.com 
--> lag pong
<< CAP LS
<< PASS abc
<< NICK a
<< USER b b localhost :a
>> :irc.example.com 001 a :Welcome to the IRC Network BRO
<< MODE a +i
<< PING irc.example.com
>> PONG irc.example.com 
--> lag pong
<< PING irc.example.com
>> PONG irc.example.com 
--> lag pong
<< CAP LS
<< PASS abc
<< NICK a
<< USER b b localhost :a
>> :irc.example.com 001 a :Welcome to the IRC Network BRO
<< MODE a +i
<< PING irc.example.com
>> PONG irc.example.com 
--> lag pong
<< JOIN #test abc
<< PING irc.example.com
>> PONG irc.example.com 
--> lag pong
<< PRIVMSG #test :coucou
<< CAP LS
<< PASS abc
<< NICK a
<< USER b b localhost :a
>> :irc.example.com 001 a :Welcome to the IRC Network BRO
<< MODE a +i
<< PING irc.example.com
>> PONG irc.example.com 
--> lag pong
<< JOIN #test abc
<< PING irc.example.com
>> PONG irc.example.com 
--> lag pong
<< PRIVMSG #test :coucou
<< PING irc.example.com
>> PONG irc.example.com 
--> lag pong
<< PRIVMSG #test :test
<< PING irc.example.com
>> PONG irc.example.com 
--> lag pong
